###############################################################################
#
# IAR ANSI C/C++ Compiler V7.40.3.8902/W32 for ARM        04/Feb/2016  13:23:57
# Copyright 1999-2015 IAR Systems AB.
#
#    Cpu mode     =  thumb
#    Endian       =  little
#    Source file  =  
#        D:\jicheng_dma_adc\KL26_DMA_2ChannelADC\src\common\printf.c
#    Command line =  
#        D:\jicheng_dma_adc\KL26_DMA_2ChannelADC\src\common\printf.c -D IAR -D
#        FREEDOM -lCN
#        D:\jicheng_dma_adc\KL26_DMA_2ChannelADC\build\iar\hello_world\FLASH_128KB\List\
#        -lB
#        D:\jicheng_dma_adc\KL26_DMA_2ChannelADC\build\iar\hello_world\FLASH_128KB\List\
#        -o
#        D:\jicheng_dma_adc\KL26_DMA_2ChannelADC\build\iar\hello_world\FLASH_128KB\Obj\
#        --no_cse --no_unroll --no_inline --no_code_motion --no_tbaa
#        --no_clustering --no_scheduling --debug --endian=little
#        --cpu=Cortex-M0+ -e --fpu=None --dlib_config "C:\Program Files
#        (x86)\IAR Systems\Embedded Workbench
#        7.2\arm\INC\c\DLib_Config_Normal.h" -I
#        D:\jicheng_dma_adc\KL26_DMA_2ChannelADC\build\iar\hello_world\..\..\..\src\projects\hello_world\
#        -I
#        D:\jicheng_dma_adc\KL26_DMA_2ChannelADC\build\iar\hello_world\..\..\..\src\common\
#        -I
#        D:\jicheng_dma_adc\KL26_DMA_2ChannelADC\build\iar\hello_world\..\..\..\src\cpu\
#        -I
#        D:\jicheng_dma_adc\KL26_DMA_2ChannelADC\build\iar\hello_world\..\..\..\src\cpu\headers\
#        -I
#        D:\jicheng_dma_adc\KL26_DMA_2ChannelADC\build\iar\hello_world\..\..\..\src\drivers\llwu\
#        -I
#        D:\jicheng_dma_adc\KL26_DMA_2ChannelADC\build\iar\hello_world\..\..\..\src\drivers\lptmr\
#        -I
#        D:\jicheng_dma_adc\KL26_DMA_2ChannelADC\build\iar\hello_world\..\..\..\src\drivers\mcg\
#        -I
#        D:\jicheng_dma_adc\KL26_DMA_2ChannelADC\build\iar\hello_world\..\..\..\src\drivers\pmc\
#        -I
#        D:\jicheng_dma_adc\KL26_DMA_2ChannelADC\build\iar\hello_world\..\..\..\src\drivers\rcm\
#        -I
#        D:\jicheng_dma_adc\KL26_DMA_2ChannelADC\build\iar\hello_world\..\..\..\src\drivers\rtc\
#        -I
#        D:\jicheng_dma_adc\KL26_DMA_2ChannelADC\build\iar\hello_world\..\..\..\src\drivers\smc\
#        -I
#        D:\jicheng_dma_adc\KL26_DMA_2ChannelADC\build\iar\hello_world\..\..\..\src\drivers\uart\
#        -I
#        D:\jicheng_dma_adc\KL26_DMA_2ChannelADC\build\iar\hello_world\..\..\..\src\drivers\wdog\
#        -I
#        D:\jicheng_dma_adc\KL26_DMA_2ChannelADC\build\iar\hello_world\..\..\..\src\drivers\cmp\
#        -I
#        D:\jicheng_dma_adc\KL26_DMA_2ChannelADC\build\iar\hello_world\..\..\..\src\platforms\
#        -I D:\jicheng_dma_adc\KL26_DMA_2ChannelADC\build\iar\hello_world\..\
#        -Ol
#    List file    =  
#        D:\jicheng_dma_adc\KL26_DMA_2ChannelADC\build\iar\hello_world\FLASH_128KB\List\printf.lst
#    Object file  =  
#        D:\jicheng_dma_adc\KL26_DMA_2ChannelADC\build\iar\hello_world\FLASH_128KB\Obj\printf.o
#
###############################################################################

D:\jicheng_dma_adc\KL26_DMA_2ChannelADC\src\common\printf.c
      1          /*
      2           * File:        printk.c
      3           * Purpose:     The standard C library routine printf()
      4           */
      5          
      6          #include "common.h"
      7          #include <stdarg.h>
      8          
      9          /********************************************************************/
     10          
     11          typedef struct
     12          {
     13              int dest;
     14              void (*func)(char);
     15              char *loc;
     16          } PRINTK_INFO;
     17          
     18          int 
     19          printk (PRINTK_INFO *, const char *, va_list);
     20          
     21          /********************************************************************/
     22          
     23          #define DEST_CONSOLE    (1)
     24          #define DEST_STRING     (2)
     25          
     26          #define FLAGS_MINUS     (0x01)
     27          #define FLAGS_PLUS      (0x02)
     28          #define FLAGS_SPACE     (0x04)
     29          #define FLAGS_ZERO      (0x08)
     30          #define FLAGS_POUND     (0x10)
     31          
     32          #define IS_FLAG_MINUS(a)    (a & FLAGS_MINUS)
     33          #define IS_FLAG_PLUS(a)     (a & FLAGS_PLUS)
     34          #define IS_FLAG_SPACE(a)    (a & FLAGS_SPACE)
     35          #define IS_FLAG_ZERO(a)     (a & FLAGS_ZERO)
     36          #define IS_FLAG_POUND(a)    (a & FLAGS_POUND)
     37          
     38          #define LENMOD_h        (0x01)
     39          #define LENMOD_l        (0x02)
     40          #define LENMOD_L        (0x04)
     41          
     42          #define IS_LENMOD_h(a)  (a & LENMOD_h)
     43          #define IS_LENMOD_l(a)  (a & LENMOD_l)
     44          #define IS_LENMOD_L(a)  (a & LENMOD_L)
     45          
     46          #define FMT_d   (0x0001)
     47          #define FMT_o   (0x0002)
     48          #define FMT_x   (0x0004)
     49          #define FMT_X   (0x0008)
     50          #define FMT_u   (0x0010)
     51          #define FMT_c   (0x0020)
     52          #define FMT_s   (0x0040)
     53          #define FMT_p   (0x0080)
     54          #define FMT_n   (0x0100)
     55          
     56          #define IS_FMT_d(a)     (a & FMT_d)
     57          #define IS_FMT_o(a)     (a & FMT_o)
     58          #define IS_FMT_x(a)     (a & FMT_x)
     59          #define IS_FMT_X(a)     (a & FMT_X)
     60          #define IS_FMT_u(a)     (a & FMT_u)
     61          #define IS_FMT_c(a)     (a & FMT_c)
     62          #define IS_FMT_s(a)     (a & FMT_s)
     63          #define IS_FMT_p(a)     (a & FMT_p)
     64          #define IS_FMT_n(a)     (a & FMT_n)
     65          
     66          /********************************************************************/

   \                                 In section .text, align 2, keep-with-next
     67          static void
     68          printk_putc (int c, int *count, PRINTK_INFO *info)
     69          {
   \                     printk_putc: (+1)
   \   00000000   0xB510             PUSH     {R4,LR}
   \   00000002   0x000C             MOVS     R4,R1
     70              switch (info->dest)
   \   00000004   0x6811             LDR      R1,[R2, #+0]
   \   00000006   0x2901             CMP      R1,#+1
   \   00000008   0xD002             BEQ      ??printk_putc_0
   \   0000000A   0x2902             CMP      R1,#+2
   \   0000000C   0xD004             BEQ      ??printk_putc_1
   \   0000000E   0xE009             B        ??printk_putc_2
     71              {
     72                  case DEST_CONSOLE:
     73                      info->func((char)c);
   \                     ??printk_putc_0: (+1)
   \   00000010   0xB2C0             UXTB     R0,R0
   \   00000012   0x6851             LDR      R1,[R2, #+4]
   \   00000014   0x4788             BLX      R1
     74                      break;
   \   00000016   0xE005             B        ??printk_putc_3
     75                  case DEST_STRING:
     76                      *(info->loc) = (unsigned char)c;
   \                     ??printk_putc_1: (+1)
   \   00000018   0x6891             LDR      R1,[R2, #+8]
   \   0000001A   0x7008             STRB     R0,[R1, #+0]
     77                      ++(info->loc);
   \   0000001C   0x6890             LDR      R0,[R2, #+8]
   \   0000001E   0x1C40             ADDS     R0,R0,#+1
   \   00000020   0x6090             STR      R0,[R2, #+8]
     78                      break;
   \   00000022   0xE7FF             B        ??printk_putc_3
     79                  default:
     80                      break;
     81              }
     82              *count += 1;
   \                     ??printk_putc_2: (+1)
   \                     ??printk_putc_3: (+1)
   \   00000024   0x6820             LDR      R0,[R4, #+0]
   \   00000026   0x1C40             ADDS     R0,R0,#+1
   \   00000028   0x6020             STR      R0,[R4, #+0]
     83          }
   \   0000002A   0xBD10             POP      {R4,PC}          ;; return
     84          
     85          /********************************************************************/

   \                                 In section .text, align 2, keep-with-next
     86          static int
     87          printk_mknumstr (char *numstr, void *nump, int neg, int radix)
     88          {
   \                     printk_mknumstr: (+1)
   \   00000000   0xB5F0             PUSH     {R4-R7,LR}
   \   00000002   0x001C             MOVS     R4,R3
     89              int a,b,c;
     90              unsigned int ua,ub,uc;
     91          
     92              int nlen;
     93              char *nstrp;
     94          
     95              nlen = 0;
   \   00000004   0x2600             MOVS     R6,#+0
     96              nstrp = numstr;
   \   00000006   0x0005             MOVS     R5,R0
     97              *nstrp++ = '\0';
   \   00000008   0x2000             MOVS     R0,#+0
   \   0000000A   0x7028             STRB     R0,[R5, #+0]
   \   0000000C   0x1C6D             ADDS     R5,R5,#+1
     98          
     99              if (neg)
   \   0000000E   0x2A00             CMP      R2,#+0
   \   00000010   0xD01C             BEQ      ??printk_mknumstr_0
    100              {
    101                  a = *(int *)nump;
   \   00000012   0x680F             LDR      R7,[R1, #+0]
    102                  if (a == 0)
   \   00000014   0x2F00             CMP      R7,#+0
   \   00000016   0xD109             BNE      ??printk_mknumstr_1
    103                  {
    104                      *nstrp = '0';
   \   00000018   0x2030             MOVS     R0,#+48
   \   0000001A   0x7028             STRB     R0,[R5, #+0]
    105                      ++nlen;
   \   0000001C   0x1C76             ADDS     R6,R6,#+1
    106                      goto done;
    107                  }
    108                  while (a != 0)
    109                  {
    110                      b = (int)a / (int)radix;
    111                      c = (int)a - ((int)b * (int)radix);
    112                      if (c < 0)
    113                      {
    114                          c = ~c + 1 + '0';
    115                      }
    116                      else
    117                      {
    118                          c = c + '0';
    119                      }
    120                      a = b;
    121                      *nstrp++ = (char)c;
    122                      ++nlen;
    123                  }
    124              }
    125              else
    126              {
    127                  ua = *(unsigned int *)nump;
    128                  if (ua == 0)
    129                  {
    130                      *nstrp = '0';
    131                      ++nlen;
    132                      goto done;
    133                  }
    134                  while (ua != 0)
    135                  {
    136                      ub = (unsigned int)ua / (unsigned int)radix;
    137                      uc = (unsigned int)ua - ((unsigned int)ub * (unsigned int)radix);
    138                      if (uc < 10)
    139                      {
    140                          uc = uc + '0';
    141                      }
    142                      else
    143                      {
    144                          uc = uc - 10 + 'A';
    145                      }
    146                      ua = ub;
    147                      *nstrp++ = (char)uc;
    148                      ++nlen;
    149                  }
    150              }
    151              done:
    152              return nlen;
   \                     ??printk_mknumstr_2: (+1)
   \   0000001E   0x0030             MOVS     R0,R6
   \   00000020   0xBDF0             POP      {R4-R7,PC}       ;; return
   \                     ??printk_mknumstr_3: (+1)
   \   00000022   0x3230             ADDS     R2,R2,#+48
   \                     ??printk_mknumstr_4: (+1)
   \   00000024   0x000F             MOVS     R7,R1
   \   00000026   0x702A             STRB     R2,[R5, #+0]
   \   00000028   0x1C6D             ADDS     R5,R5,#+1
   \   0000002A   0x1C76             ADDS     R6,R6,#+1
   \                     ??printk_mknumstr_1: (+1)
   \   0000002C   0x2F00             CMP      R7,#+0
   \   0000002E   0xD0F6             BEQ      ??printk_mknumstr_2
   \   00000030   0x0038             MOVS     R0,R7
   \   00000032   0x0021             MOVS     R1,R4
   \   00000034   0x.... 0x....      BL       __aeabi_idiv
   \   00000038   0x0001             MOVS     R1,R0
   \   0000003A   0x0008             MOVS     R0,R1
   \   0000003C   0x4360             MULS     R0,R4,R0
   \   0000003E   0x1A3A             SUBS     R2,R7,R0
   \   00000040   0x2A00             CMP      R2,#+0
   \   00000042   0xD5EE             BPL      ??printk_mknumstr_3
   \   00000044   0x43D0             MVNS     R0,R2
   \   00000046   0x0002             MOVS     R2,R0
   \   00000048   0x3231             ADDS     R2,R2,#+49
   \   0000004A   0xE7EB             B        ??printk_mknumstr_4
   \                     ??printk_mknumstr_0: (+1)
   \   0000004C   0x680F             LDR      R7,[R1, #+0]
   \   0000004E   0x2F00             CMP      R7,#+0
   \   00000050   0xD108             BNE      ??printk_mknumstr_5
   \   00000052   0x2030             MOVS     R0,#+48
   \   00000054   0x7028             STRB     R0,[R5, #+0]
   \   00000056   0x1C76             ADDS     R6,R6,#+1
   \   00000058   0xE7E1             B        ??printk_mknumstr_2
   \                     ??printk_mknumstr_6: (+1)
   \   0000005A   0x3137             ADDS     R1,R1,#+55
   \                     ??printk_mknumstr_7: (+1)
   \   0000005C   0x0007             MOVS     R7,R0
   \   0000005E   0x7029             STRB     R1,[R5, #+0]
   \   00000060   0x1C6D             ADDS     R5,R5,#+1
   \   00000062   0x1C76             ADDS     R6,R6,#+1
   \                     ??printk_mknumstr_5: (+1)
   \   00000064   0x2F00             CMP      R7,#+0
   \   00000066   0xD0DA             BEQ      ??printk_mknumstr_2
   \   00000068   0x0038             MOVS     R0,R7
   \   0000006A   0x0021             MOVS     R1,R4
   \   0000006C   0x.... 0x....      BL       __aeabi_uidiv
   \   00000070   0x0001             MOVS     R1,R0
   \   00000072   0x4361             MULS     R1,R4,R1
   \   00000074   0x1A79             SUBS     R1,R7,R1
   \   00000076   0x290A             CMP      R1,#+10
   \   00000078   0xD2EF             BCS      ??printk_mknumstr_6
   \   0000007A   0x3130             ADDS     R1,R1,#+48
   \   0000007C   0xE7EE             B        ??printk_mknumstr_7
    153          }
    154          
    155          /********************************************************************/

   \                                 In section .text, align 2, keep-with-next
    156          static void
    157          printk_pad_zero (int curlen, int field_width, int *count, PRINTK_INFO *info)
    158          {
   \                     printk_pad_zero: (+1)
   \   00000000   0xB5F8             PUSH     {R3-R7,LR}
   \   00000002   0x000E             MOVS     R6,R1
   \   00000004   0x0015             MOVS     R5,R2
   \   00000006   0x001F             MOVS     R7,R3
    159              int i;
    160          
    161              for (i = curlen; i < field_width; i++)
   \   00000008   0x0004             MOVS     R4,R0
   \   0000000A   0xE005             B        ??printk_pad_zero_0
    162              {
    163                  printk_putc('0',count, info);
   \                     ??printk_pad_zero_1: (+1)
   \   0000000C   0x003A             MOVS     R2,R7
   \   0000000E   0x0029             MOVS     R1,R5
   \   00000010   0x2030             MOVS     R0,#+48
   \   00000012   0x.... 0x....      BL       printk_putc
    164              }
   \   00000016   0x1C64             ADDS     R4,R4,#+1
   \                     ??printk_pad_zero_0: (+1)
   \   00000018   0x42B4             CMP      R4,R6
   \   0000001A   0xDBF7             BLT      ??printk_pad_zero_1
    165          }
   \   0000001C   0xBDF1             POP      {R0,R4-R7,PC}    ;; return
    166          
    167          /********************************************************************/

   \                                 In section .text, align 2, keep-with-next
    168          static void
    169          printk_pad_space (int curlen, int field_width, int *count, PRINTK_INFO *info)
    170          {
   \                     printk_pad_space: (+1)
   \   00000000   0xB5F8             PUSH     {R3-R7,LR}
   \   00000002   0x000E             MOVS     R6,R1
   \   00000004   0x0015             MOVS     R5,R2
   \   00000006   0x001F             MOVS     R7,R3
    171              int i;
    172          
    173              for (i = curlen; i < field_width; i++)
   \   00000008   0x0004             MOVS     R4,R0
   \   0000000A   0xE005             B        ??printk_pad_space_0
    174              {
    175                  printk_putc(' ',count, info);
   \                     ??printk_pad_space_1: (+1)
   \   0000000C   0x003A             MOVS     R2,R7
   \   0000000E   0x0029             MOVS     R1,R5
   \   00000010   0x2020             MOVS     R0,#+32
   \   00000012   0x.... 0x....      BL       printk_putc
    176              }
   \   00000016   0x1C64             ADDS     R4,R4,#+1
   \                     ??printk_pad_space_0: (+1)
   \   00000018   0x42B4             CMP      R4,R6
   \   0000001A   0xDBF7             BLT      ??printk_pad_space_1
    177          }
   \   0000001C   0xBDF1             POP      {R0,R4-R7,PC}    ;; return
    178          
    179          /********************************************************************/

   \                                 In section .text, align 2, keep-with-next
    180          int
    181          printk (PRINTK_INFO *info, const char *fmt, va_list ap)
    182          {
   \                     printk: (+1)
   \   00000000   0xB5F1             PUSH     {R0,R4-R7,LR}
   \   00000002   0xB090             SUB      SP,SP,#+64
   \   00000004   0x0014             MOVS     R4,R2
    183              /* va_list ap; */
    184              char *p;
    185              int c;
    186          
    187              char vstr[33];
    188              char *vstrp;
    189              int vlen;
    190          
    191              int done;
    192              int count = 0;
   \   00000006   0x2000             MOVS     R0,#+0
   \   00000008   0x9000             STR      R0,[SP, #+0]
    193          
    194              int flags_used;
    195              int field_width;
    196          #if 0
    197              int precision_used;
    198              int precision_width;
    199              int length_modifier;
    200          #endif
    201          
    202              int ival;
    203              int schar, dschar;
    204              int *ivalp;
    205              char *sval;
    206              int cval;
    207              unsigned int uval;
    208          
    209              /*
    210               * Start parsing apart the format string and display appropriate
    211               * formats and data.
    212               */
    213              for (p = (char *)fmt; (c = *p) != 0; p++)
   \   0000000A   0x000D             MOVS     R5,R1
   \   0000000C   0xE004             B        ??printk_0
    214              {
    215                  /*
    216                   * All formats begin with a '%' marker.  Special chars like
    217                   * '\n' or '\t' are normally converted to the appropriate
    218                   * character by the __compiler__.  Thus, no need for this
    219                   * routine to account for the '\' character.
    220                   */
    221                  if (c != '%')
    222                  {
    223                      /*
    224                       * This needs to be replaced with something like
    225                       * 'out_char()' or call an OS routine.
    226                       */
    227          #ifndef UNIX_DEBUG
    228                      if (c != '\n')
    229                      {
    230                          printk_putc(c, &count, info);
    231                      }
    232                      else
    233                      {
    234                          printk_putc(0x0D /* CR */, &count, info);
    235                          printk_putc(0x0A /* LF */, &count, info);
    236                      }
    237          #else
    238                      printk_putc(c, &count, info);
    239          #endif
    240          
    241                      /*
    242                       * By using 'continue', the next iteration of the loop
    243                       * is used, skipping the code that follows.
    244                       */
    245                      continue;
    246                  }
    247          
    248                  /*
    249                   * First check for specification modifier flags.
    250                   */
    251                  flags_used = 0;
    252                  done = FALSE;
    253                  while (!done)
    254                  {
    255                      switch (/* c = */ *++p)
    256                      {
    257                          case '-':
    258                              flags_used |= FLAGS_MINUS;
    259                              break;
    260                          case '+':
    261                              flags_used |= FLAGS_PLUS;
    262                              break;
    263                          case ' ':
    264                              flags_used |= FLAGS_SPACE;
    265                              break;
    266                          case '0':
    267                              flags_used |= FLAGS_ZERO;
    268                              break;
    269                          case '#':
    270                              flags_used |= FLAGS_POUND;
    271                              break;
    272                          default:
    273                              /* we've gone one char too far */
    274                              --p;
    275                              done = TRUE;
    276                              break;
    277                      }
    278                  }
    279          
    280                  /*
    281                   * Next check for minimum field width.
    282                   */
    283                  field_width = 0;
    284                  done = FALSE;
    285                  while (!done)
    286                  {
    287                      switch (c = *++p)
    288                      {
    289                          case '0':
    290                          case '1':
    291                          case '2':
    292                          case '3':
    293                          case '4':
    294                          case '5':
    295                          case '6':
    296                          case '7':
    297                          case '8':
    298                          case '9':
    299                              field_width = (field_width * 10) + (c - '0');
    300                              break;
    301                          default:
    302                              /* we've gone one char too far */
    303                              --p;
    304                              done = TRUE;
    305                              break;
    306                      }
    307                  }
    308          
    309                  /*
    310                   * Next check for the width and precision field separator.
    311                   */
    312                  if (*++p == '.')
    313                  {
    314          
    315                      /*
    316                       * Must get precision field width, if present.
    317                       */
    318                      done = FALSE;
    319                      while (!done)
    320                      {
    321                          switch (/* c = uncomment if used below */ *++p)
    322                          {
    323                              case '0':
    324                              case '1':
    325                              case '2':
    326                              case '3':
    327                              case '4':
    328                              case '5':
    329                              case '6':
    330                              case '7':
    331                              case '8':
    332                              case '9':
    333          #if 0
    334                                  precision_width = (precision_width * 10) +
    335                                      (c - '0');
    336          #endif
    337                                  break;
    338                              default:
    339                                  /* we've gone one char too far */
    340                                  --p;
    341                                  done = TRUE;
    342                                  break;
    343                          }
    344                      }
    345                  }
    346                  else
    347                  {
    348                      /* we've gone one char too far */
    349                      --p;
    350          #if 0
    351                      precision_used = FALSE;
    352                      precision_width = 0;
    353          #endif
    354                  }
    355          
    356                  /*
    357                   * Check for the length modifier.
    358                   */
    359                  switch (*++p)
    360                  {
    361                      case 'h':
    362                          break;
    363                      case 'l':
    364                          break;
    365                      case 'L':
    366                          break;
    367                      default:
    368                          /* we've gone one char too far */
    369                          --p;
    370                          break;
    371                  }
    372          
    373                  /*
    374                   * Now we're ready to examine the format.
    375                   */
    376                  switch (c = *++p)
    377                  {
    378                      case 'd':
    379                      case 'i':
    380                          ival = (int)va_arg(ap, int);
    381                          vlen = printk_mknumstr(vstr,&ival,TRUE,10);
    382                          vstrp = &vstr[vlen];
    383          
    384                          if (ival < 0)
    385                          {
    386                              schar = '-';
    387                              ++vlen;
    388                          }
    389                          else
    390                          {
    391                              if (IS_FLAG_PLUS(flags_used))
    392                              {
    393                                  schar = '+';
    394                                  ++vlen;
    395                              }
    396                              else
    397                              {
    398                                  if (IS_FLAG_SPACE(flags_used))
    399                                  {
    400                                      schar = ' ';
    401                                      ++vlen;
    402                                  }
    403                                  else
    404                                  {
    405                                      schar = 0;
    406                                  }
    407                              }
    408                          }
    409                          dschar = FALSE;
    410                      
    411                          /*
    412                           * do the ZERO pad.
    413                           */
    414                          if (IS_FLAG_ZERO(flags_used))
    415                          {
    416                              if (schar)
    417                                  printk_putc(schar, &count, info);
    418                              dschar = TRUE;
    419                      
    420                              printk_pad_zero (vlen, field_width, &count, info);
    421                              vlen = field_width;
    422                          }
    423                          else
    424                          {
    425                              if (!IS_FLAG_MINUS(flags_used))
    426                              {
    427                                  printk_pad_space (vlen, field_width, &count, info);
    428                      
    429                                  if (schar)
    430                                      printk_putc(schar, &count, info);
    431                                  dschar = TRUE;
    432                              }
    433                          }
    434                      
    435                          /* the string was built in reverse order, now display in */
    436                          /* correct order */
    437                          if (!dschar && schar)
    438                          {
    439                              printk_putc(schar, &count, info);
    440                          }
    441                          goto cont_xd;
    442          
    443                      case 'x':
    444                      case 'X':
    445                          uval = (unsigned int)va_arg(ap, unsigned int);
    446                          vlen = printk_mknumstr(vstr,&uval,FALSE,16);
    447                          vstrp = &vstr[vlen];
    448          
    449                          dschar = FALSE;
    450                          if (IS_FLAG_ZERO(flags_used))
    451                          {
    452                              if (IS_FLAG_POUND(flags_used))
    453                              {
    454                                  printk_putc('0', &count, info);
    455                                  printk_putc('x', &count, info);
    456                                  /*vlen += 2;*/
    457                                  dschar = TRUE;
    458                              }
    459                              printk_pad_zero (vlen, field_width, &count, info);
    460                              vlen = field_width;
    461                          }
    462                          else
    463                          {
    464                              if (!IS_FLAG_MINUS(flags_used))
    465                              {
    466                                  if (IS_FLAG_POUND(flags_used))
    467                                  {
    468                                      vlen += 2;
    469                                  }
    470                                  printk_pad_space (vlen, field_width, &count, info);
    471                                  if (IS_FLAG_POUND(flags_used))
    472                                  {
    473                                      printk_putc('0', &count, info);
    474                                      printk_putc('x', &count, info);
    475                                      dschar = TRUE;
    476                                  }
    477                              }
    478                          }
    479          
    480                          if ((IS_FLAG_POUND(flags_used)) && !dschar)
    481                          {
    482                              printk_putc('0', &count, info);
    483                              printk_putc('x', &count, info);
    484                              vlen += 2;
    485                          }
    486                          goto cont_xd;
    487          
    488                      case 'o':
    489                          uval = (unsigned int)va_arg(ap, unsigned int);
    490                          vlen = printk_mknumstr(vstr,&uval,FALSE,8);
    491                          goto cont_u;
    492                      case 'b':
    493                          uval = (unsigned int)va_arg(ap, unsigned int);
    494                          vlen = printk_mknumstr(vstr,&uval,FALSE,2);
    495                          goto cont_u;
    496                      case 'p':
    497                          uval = (unsigned int)va_arg(ap, void *);
    498                          vlen = printk_mknumstr(vstr,&uval,FALSE,16);
    499                          goto cont_u;
    500                      case 'u':
    501                          uval = (unsigned int)va_arg(ap, unsigned int);
    502                          vlen = printk_mknumstr(vstr,&uval,FALSE,10);
    503          
    504                          cont_u:
    505                              vstrp = &vstr[vlen];
    506          
    507                              if (IS_FLAG_ZERO(flags_used))
    508                              {
    509                                  printk_pad_zero (vlen, field_width, &count, info);
    510                                  vlen = field_width;
    511                              }
    512                              else
    513                              {
    514                                  if (!IS_FLAG_MINUS(flags_used))
    515                                  {
    516                                      printk_pad_space (vlen, field_width, &count, info);
    517                                  }
    518                              }
    519          
    520                          cont_xd:
    521                              while (*vstrp)
    522                                  printk_putc(*vstrp--, &count, info);
    523          
    524                              if (IS_FLAG_MINUS(flags_used))
    525                              {
    526                                  printk_pad_space (vlen, field_width, &count, info);
    527                              }
    528                          break;
    529          
    530                      case 'c':
    531                          cval = (char)va_arg(ap, unsigned int);
    532                          printk_putc(cval,&count, info);
    533                          break;
    534                      case 's':
    535                          sval = (char *)va_arg(ap, char *);
    536                          if (sval)
    537                          {
    538                              vlen = strlen(sval);
    539                              if (!IS_FLAG_MINUS(flags_used))
    540                              {
    541                                  printk_pad_space (vlen, field_width, &count, info);
    542                              }
    543                              while (*sval)
    544                                  printk_putc(*sval++,&count, info);
    545                              if (IS_FLAG_MINUS(flags_used))
    546                              {
    547                                  printk_pad_space (vlen, field_width, &count, info);
    548                              }
    549                          }
    550                          break;
    551                      case 'n':
    552                          ivalp = (int *)va_arg(ap, int *);
    553                          *ivalp = count;
    554                          break;
    555                      default:
    556                          printk_putc(c,&count, info);
   \                     ??printk_1: (+1)
   \   0000000E   0x9A10             LDR      R2,[SP, #+64]
   \   00000010   0x4669             MOV      R1,SP
   \   00000012   0x.... 0x....      BL       printk_putc
    557                          break;
   \                     ??printk_2: (+1)
   \   00000016   0x1C6D             ADDS     R5,R5,#+1
   \                     ??printk_0: (+1)
   \   00000018   0x7828             LDRB     R0,[R5, #+0]
   \   0000001A   0x2800             CMP      R0,#+0
   \   0000001C   0xD100             BNE      .+4
   \   0000001E   0xE1C3             B        ??printk_3
   \   00000020   0x2825             CMP      R0,#+37
   \   00000022   0xD011             BEQ      ??printk_4
   \   00000024   0x280A             CMP      R0,#+10
   \   00000026   0xD004             BEQ      ??printk_5
   \   00000028   0x9A10             LDR      R2,[SP, #+64]
   \   0000002A   0x4669             MOV      R1,SP
   \   0000002C   0x.... 0x....      BL       printk_putc
   \   00000030   0xE009             B        ??printk_6
   \                     ??printk_5: (+1)
   \   00000032   0x9A10             LDR      R2,[SP, #+64]
   \   00000034   0x4669             MOV      R1,SP
   \   00000036   0x200D             MOVS     R0,#+13
   \   00000038   0x.... 0x....      BL       printk_putc
   \   0000003C   0x9A10             LDR      R2,[SP, #+64]
   \   0000003E   0x4669             MOV      R1,SP
   \   00000040   0x200A             MOVS     R0,#+10
   \   00000042   0x.... 0x....      BL       printk_putc
   \                     ??printk_6: (+1)
   \   00000046   0xE7E6             B        ??printk_2
   \                     ??printk_4: (+1)
   \   00000048   0x2700             MOVS     R7,#+0
   \   0000004A   0x2100             MOVS     R1,#+0
   \   0000004C   0xE002             B        ??printk_7
   \                     ??printk_8: (+1)
   \   0000004E   0x0038             MOVS     R0,R7
   \   00000050   0x2701             MOVS     R7,#+1
   \   00000052   0x4307             ORRS     R7,R7,R0
   \                     ??printk_7: (+1)
   \   00000054   0x2900             CMP      R1,#+0
   \   00000056   0xD11F             BNE      ??printk_9
   \   00000058   0x1C6D             ADDS     R5,R5,#+1
   \   0000005A   0x7828             LDRB     R0,[R5, #+0]
   \   0000005C   0x2820             CMP      R0,#+32
   \   0000005E   0xD00C             BEQ      ??printk_10
   \   00000060   0x2823             CMP      R0,#+35
   \   00000062   0xD012             BEQ      ??printk_11
   \   00000064   0x282B             CMP      R0,#+43
   \   00000066   0xD004             BEQ      ??printk_12
   \   00000068   0x282D             CMP      R0,#+45
   \   0000006A   0xD0F0             BEQ      ??printk_8
   \   0000006C   0x2830             CMP      R0,#+48
   \   0000006E   0xD008             BEQ      ??printk_13
   \   00000070   0xE00F             B        ??printk_14
   \                     ??printk_12: (+1)
   \   00000072   0x0038             MOVS     R0,R7
   \   00000074   0x2702             MOVS     R7,#+2
   \   00000076   0x4307             ORRS     R7,R7,R0
   \   00000078   0xE7EC             B        ??printk_7
   \                     ??printk_10: (+1)
   \   0000007A   0x0038             MOVS     R0,R7
   \   0000007C   0x2704             MOVS     R7,#+4
   \   0000007E   0x4307             ORRS     R7,R7,R0
   \   00000080   0xE7E8             B        ??printk_7
   \                     ??printk_13: (+1)
   \   00000082   0x0038             MOVS     R0,R7
   \   00000084   0x2708             MOVS     R7,#+8
   \   00000086   0x4307             ORRS     R7,R7,R0
   \   00000088   0xE7E4             B        ??printk_7
   \                     ??printk_11: (+1)
   \   0000008A   0x0038             MOVS     R0,R7
   \   0000008C   0x2710             MOVS     R7,#+16
   \   0000008E   0x4307             ORRS     R7,R7,R0
   \   00000090   0xE7E0             B        ??printk_7
   \                     ??printk_14: (+1)
   \   00000092   0x1E6D             SUBS     R5,R5,#+1
   \   00000094   0x2101             MOVS     R1,#+1
   \   00000096   0xE7DD             B        ??printk_7
   \                     ??printk_9: (+1)
   \   00000098   0x2000             MOVS     R0,#+0
   \   0000009A   0x9002             STR      R0,[SP, #+8]
   \   0000009C   0x2100             MOVS     R1,#+0
   \   0000009E   0xE005             B        ??printk_15
   \                     ??printk_16: (+1)
   \   000000A0   0x9A02             LDR      R2,[SP, #+8]
   \   000000A2   0x230A             MOVS     R3,#+10
   \   000000A4   0x435A             MULS     R2,R3,R2
   \   000000A6   0x1810             ADDS     R0,R2,R0
   \   000000A8   0x3830             SUBS     R0,R0,#+48
   \   000000AA   0x9002             STR      R0,[SP, #+8]
   \                     ??printk_15: (+1)
   \   000000AC   0x2900             CMP      R1,#+0
   \   000000AE   0xD108             BNE      ??printk_17
   \   000000B0   0x1C6D             ADDS     R5,R5,#+1
   \   000000B2   0x7828             LDRB     R0,[R5, #+0]
   \   000000B4   0x0002             MOVS     R2,R0
   \   000000B6   0x3A30             SUBS     R2,R2,#+48
   \   000000B8   0x2A09             CMP      R2,#+9
   \   000000BA   0xD9F1             BLS      ??printk_16
   \                     ??printk_18: (+1)
   \   000000BC   0x1E6D             SUBS     R5,R5,#+1
   \   000000BE   0x2101             MOVS     R1,#+1
   \   000000C0   0xE7F4             B        ??printk_15
   \                     ??printk_17: (+1)
   \   000000C2   0x1C6D             ADDS     R5,R5,#+1
   \   000000C4   0x7828             LDRB     R0,[R5, #+0]
   \   000000C6   0x282E             CMP      R0,#+46
   \   000000C8   0xD10B             BNE      ??printk_19
   \   000000CA   0x2100             MOVS     R1,#+0
   \   000000CC   0xE7FF             B        ??printk_20
   \                     ??printk_21: (+1)
   \                     ??printk_20: (+1)
   \   000000CE   0x2900             CMP      R1,#+0
   \   000000D0   0xD108             BNE      ??printk_22
   \   000000D2   0x1C6D             ADDS     R5,R5,#+1
   \   000000D4   0x7828             LDRB     R0,[R5, #+0]
   \   000000D6   0x3830             SUBS     R0,R0,#+48
   \   000000D8   0x2809             CMP      R0,#+9
   \   000000DA   0xD9F8             BLS      ??printk_21
   \                     ??printk_23: (+1)
   \   000000DC   0x1E6D             SUBS     R5,R5,#+1
   \   000000DE   0x2101             MOVS     R1,#+1
   \   000000E0   0xE7F5             B        ??printk_20
   \                     ??printk_19: (+1)
   \   000000E2   0x1E6D             SUBS     R5,R5,#+1
   \                     ??printk_22: (+1)
   \   000000E4   0x1C6D             ADDS     R5,R5,#+1
   \   000000E6   0x7828             LDRB     R0,[R5, #+0]
   \   000000E8   0x284C             CMP      R0,#+76
   \   000000EA   0xD006             BEQ      ??printk_24
   \   000000EC   0x2868             CMP      R0,#+104
   \   000000EE   0xD002             BEQ      ??printk_25
   \   000000F0   0x286C             CMP      R0,#+108
   \   000000F2   0xD001             BEQ      ??printk_26
   \   000000F4   0xE002             B        ??printk_27
   \                     ??printk_25: (+1)
   \   000000F6   0xE002             B        ??printk_28
   \                     ??printk_26: (+1)
   \   000000F8   0xE001             B        ??printk_28
   \                     ??printk_24: (+1)
   \   000000FA   0xE000             B        ??printk_28
   \                     ??printk_27: (+1)
   \   000000FC   0x1E6D             SUBS     R5,R5,#+1
   \                     ??printk_28: (+1)
   \   000000FE   0x1C6D             ADDS     R5,R5,#+1
   \   00000100   0x7828             LDRB     R0,[R5, #+0]
   \   00000102   0x0001             MOVS     R1,R0
   \   00000104   0x2958             CMP      R1,#+88
   \   00000106   0xD071             BEQ      ??printk_29
   \   00000108   0x2962             CMP      R1,#+98
   \   0000010A   0xD100             BNE      .+4
   \   0000010C   0xE0CA             B        ??printk_30
   \   0000010E   0x2963             CMP      R1,#+99
   \   00000110   0xD100             BNE      .+4
   \   00000112   0xE113             B        ??printk_31
   \   00000114   0x2964             CMP      R1,#+100
   \   00000116   0xD013             BEQ      ??printk_32
   \   00000118   0x2969             CMP      R1,#+105
   \   0000011A   0xD011             BEQ      ??printk_32
   \   0000011C   0x296E             CMP      R1,#+110
   \   0000011E   0xD100             BNE      .+4
   \   00000120   0xE13D             B        ??printk_33
   \   00000122   0x296F             CMP      R1,#+111
   \   00000124   0xD100             BNE      .+4
   \   00000126   0xE0B2             B        ??printk_34
   \   00000128   0x2970             CMP      R1,#+112
   \   0000012A   0xD100             BNE      .+4
   \   0000012C   0xE0C5             B        ??printk_35
   \   0000012E   0x2973             CMP      R1,#+115
   \   00000130   0xD100             BNE      .+4
   \   00000132   0xE10B             B        ??printk_36
   \   00000134   0x2975             CMP      R1,#+117
   \   00000136   0xD100             BNE      .+4
   \   00000138   0xE0CA             B        ??printk_37
   \   0000013A   0x2978             CMP      R1,#+120
   \   0000013C   0xD056             BEQ      ??printk_29
   \   0000013E   0xE766             B        ??printk_1
   \                     ??printk_32: (+1)
   \   00000140   0x6820             LDR      R0,[R4, #+0]
   \   00000142   0x1D24             ADDS     R4,R4,#+4
   \   00000144   0x9006             STR      R0,[SP, #+24]
   \   00000146   0x230A             MOVS     R3,#+10
   \   00000148   0x2201             MOVS     R2,#+1
   \   0000014A   0xA906             ADD      R1,SP,#+24
   \   0000014C   0xA807             ADD      R0,SP,#+28
   \   0000014E   0x.... 0x....      BL       printk_mknumstr
   \   00000152   0x0006             MOVS     R6,R0
   \   00000154   0xA807             ADD      R0,SP,#+28
   \   00000156   0x1980             ADDS     R0,R0,R6
   \   00000158   0x9005             STR      R0,[SP, #+20]
   \   0000015A   0x9806             LDR      R0,[SP, #+24]
   \   0000015C   0x2800             CMP      R0,#+0
   \   0000015E   0xD503             BPL      ??printk_38
   \   00000160   0x202D             MOVS     R0,#+45
   \   00000162   0x9001             STR      R0,[SP, #+4]
   \   00000164   0x1C76             ADDS     R6,R6,#+1
   \   00000166   0xE00D             B        ??printk_39
   \                     ??printk_38: (+1)
   \   00000168   0x07B8             LSLS     R0,R7,#+30
   \   0000016A   0xD503             BPL      ??printk_40
   \   0000016C   0x202B             MOVS     R0,#+43
   \   0000016E   0x9001             STR      R0,[SP, #+4]
   \   00000170   0x1C76             ADDS     R6,R6,#+1
   \   00000172   0xE007             B        ??printk_39
   \                     ??printk_40: (+1)
   \   00000174   0x0778             LSLS     R0,R7,#+29
   \   00000176   0xD503             BPL      ??printk_41
   \   00000178   0x2020             MOVS     R0,#+32
   \   0000017A   0x9001             STR      R0,[SP, #+4]
   \   0000017C   0x1C76             ADDS     R6,R6,#+1
   \   0000017E   0xE001             B        ??printk_39
   \                     ??printk_41: (+1)
   \   00000180   0x2000             MOVS     R0,#+0
   \   00000182   0x9001             STR      R0,[SP, #+4]
   \                     ??printk_39: (+1)
   \   00000184   0x2000             MOVS     R0,#+0
   \   00000186   0x9004             STR      R0,[SP, #+16]
   \   00000188   0x0738             LSLS     R0,R7,#+28
   \   0000018A   0xD511             BPL      ??printk_42
   \   0000018C   0x9801             LDR      R0,[SP, #+4]
   \   0000018E   0x2800             CMP      R0,#+0
   \   00000190   0xD004             BEQ      ??printk_43
   \   00000192   0x9A10             LDR      R2,[SP, #+64]
   \   00000194   0x4669             MOV      R1,SP
   \   00000196   0x9801             LDR      R0,[SP, #+4]
   \   00000198   0x.... 0x....      BL       printk_putc
   \                     ??printk_43: (+1)
   \   0000019C   0x2001             MOVS     R0,#+1
   \   0000019E   0x9004             STR      R0,[SP, #+16]
   \   000001A0   0x9B10             LDR      R3,[SP, #+64]
   \   000001A2   0x466A             MOV      R2,SP
   \   000001A4   0x9902             LDR      R1,[SP, #+8]
   \   000001A6   0x0030             MOVS     R0,R6
   \   000001A8   0x.... 0x....      BL       printk_pad_zero
   \   000001AC   0x9E02             LDR      R6,[SP, #+8]
   \   000001AE   0xE011             B        ??printk_44
   \                     ??printk_42: (+1)
   \   000001B0   0x07F8             LSLS     R0,R7,#+31
   \   000001B2   0xD40F             BMI      ??printk_44
   \   000001B4   0x9B10             LDR      R3,[SP, #+64]
   \   000001B6   0x466A             MOV      R2,SP
   \   000001B8   0x9902             LDR      R1,[SP, #+8]
   \   000001BA   0x0030             MOVS     R0,R6
   \   000001BC   0x.... 0x....      BL       printk_pad_space
   \   000001C0   0x9801             LDR      R0,[SP, #+4]
   \   000001C2   0x2800             CMP      R0,#+0
   \   000001C4   0xD004             BEQ      ??printk_45
   \   000001C6   0x9A10             LDR      R2,[SP, #+64]
   \   000001C8   0x4669             MOV      R1,SP
   \   000001CA   0x9801             LDR      R0,[SP, #+4]
   \   000001CC   0x.... 0x....      BL       printk_putc
   \                     ??printk_45: (+1)
   \   000001D0   0x2001             MOVS     R0,#+1
   \   000001D2   0x9004             STR      R0,[SP, #+16]
   \                     ??printk_44: (+1)
   \   000001D4   0x9804             LDR      R0,[SP, #+16]
   \   000001D6   0x2800             CMP      R0,#+0
   \   000001D8   0xD107             BNE      ??printk_46
   \   000001DA   0x9801             LDR      R0,[SP, #+4]
   \   000001DC   0x2800             CMP      R0,#+0
   \   000001DE   0xD004             BEQ      ??printk_46
   \   000001E0   0x9A10             LDR      R2,[SP, #+64]
   \   000001E2   0x4669             MOV      R1,SP
   \   000001E4   0x9801             LDR      R0,[SP, #+4]
   \   000001E6   0x.... 0x....      BL       printk_putc
   \                     ??printk_46: (+1)
   \   000001EA   0xE09A             B        ??printk_47
   \                     ??printk_29: (+1)
   \   000001EC   0x6820             LDR      R0,[R4, #+0]
   \   000001EE   0x1D24             ADDS     R4,R4,#+4
   \   000001F0   0x9003             STR      R0,[SP, #+12]
   \   000001F2   0x2310             MOVS     R3,#+16
   \   000001F4   0x2200             MOVS     R2,#+0
   \   000001F6   0xA903             ADD      R1,SP,#+12
   \   000001F8   0xA807             ADD      R0,SP,#+28
   \   000001FA   0x.... 0x....      BL       printk_mknumstr
   \   000001FE   0x0006             MOVS     R6,R0
   \   00000200   0xA807             ADD      R0,SP,#+28
   \   00000202   0x1980             ADDS     R0,R0,R6
   \   00000204   0x9005             STR      R0,[SP, #+20]
   \   00000206   0x2000             MOVS     R0,#+0
   \   00000208   0x9004             STR      R0,[SP, #+16]
   \   0000020A   0x0738             LSLS     R0,R7,#+28
   \   0000020C   0xD515             BPL      ??printk_48
   \   0000020E   0x06F8             LSLS     R0,R7,#+27
   \   00000210   0xD50B             BPL      ??printk_49
   \   00000212   0x9A10             LDR      R2,[SP, #+64]
   \   00000214   0x4669             MOV      R1,SP
   \   00000216   0x2030             MOVS     R0,#+48
   \   00000218   0x.... 0x....      BL       printk_putc
   \   0000021C   0x9A10             LDR      R2,[SP, #+64]
   \   0000021E   0x4669             MOV      R1,SP
   \   00000220   0x2078             MOVS     R0,#+120
   \   00000222   0x.... 0x....      BL       printk_putc
   \   00000226   0x2001             MOVS     R0,#+1
   \   00000228   0x9004             STR      R0,[SP, #+16]
   \                     ??printk_49: (+1)
   \   0000022A   0x9B10             LDR      R3,[SP, #+64]
   \   0000022C   0x466A             MOV      R2,SP
   \   0000022E   0x9902             LDR      R1,[SP, #+8]
   \   00000230   0x0030             MOVS     R0,R6
   \   00000232   0x.... 0x....      BL       printk_pad_zero
   \   00000236   0x9E02             LDR      R6,[SP, #+8]
   \   00000238   0xE018             B        ??printk_50
   \                     ??printk_48: (+1)
   \   0000023A   0x07F8             LSLS     R0,R7,#+31
   \   0000023C   0xD416             BMI      ??printk_50
   \   0000023E   0x06F8             LSLS     R0,R7,#+27
   \   00000240   0xD500             BPL      ??printk_51
   \   00000242   0x1CB6             ADDS     R6,R6,#+2
   \                     ??printk_51: (+1)
   \   00000244   0x9B10             LDR      R3,[SP, #+64]
   \   00000246   0x466A             MOV      R2,SP
   \   00000248   0x9902             LDR      R1,[SP, #+8]
   \   0000024A   0x0030             MOVS     R0,R6
   \   0000024C   0x.... 0x....      BL       printk_pad_space
   \   00000250   0x06F8             LSLS     R0,R7,#+27
   \   00000252   0xD50B             BPL      ??printk_50
   \   00000254   0x9A10             LDR      R2,[SP, #+64]
   \   00000256   0x4669             MOV      R1,SP
   \   00000258   0x2030             MOVS     R0,#+48
   \   0000025A   0x.... 0x....      BL       printk_putc
   \   0000025E   0x9A10             LDR      R2,[SP, #+64]
   \   00000260   0x4669             MOV      R1,SP
   \   00000262   0x2078             MOVS     R0,#+120
   \   00000264   0x.... 0x....      BL       printk_putc
   \   00000268   0x2001             MOVS     R0,#+1
   \   0000026A   0x9004             STR      R0,[SP, #+16]
   \                     ??printk_50: (+1)
   \   0000026C   0x06F8             LSLS     R0,R7,#+27
   \   0000026E   0xD50D             BPL      ??printk_52
   \   00000270   0x9804             LDR      R0,[SP, #+16]
   \   00000272   0x2800             CMP      R0,#+0
   \   00000274   0xD10A             BNE      ??printk_52
   \   00000276   0x9A10             LDR      R2,[SP, #+64]
   \   00000278   0x4669             MOV      R1,SP
   \   0000027A   0x2030             MOVS     R0,#+48
   \   0000027C   0x.... 0x....      BL       printk_putc
   \   00000280   0x9A10             LDR      R2,[SP, #+64]
   \   00000282   0x4669             MOV      R1,SP
   \   00000284   0x2078             MOVS     R0,#+120
   \   00000286   0x.... 0x....      BL       printk_putc
   \   0000028A   0x1CB6             ADDS     R6,R6,#+2
   \                     ??printk_52: (+1)
   \   0000028C   0xE049             B        ??printk_47
   \                     ??printk_34: (+1)
   \   0000028E   0x6820             LDR      R0,[R4, #+0]
   \   00000290   0x1D24             ADDS     R4,R4,#+4
   \   00000292   0x9003             STR      R0,[SP, #+12]
   \   00000294   0x2308             MOVS     R3,#+8
   \   00000296   0x2200             MOVS     R2,#+0
   \   00000298   0xA903             ADD      R1,SP,#+12
   \   0000029A   0xA807             ADD      R0,SP,#+28
   \   0000029C   0x.... 0x....      BL       printk_mknumstr
   \   000002A0   0x0006             MOVS     R6,R0
   \   000002A2   0xE01F             B        ??printk_53
   \                     ??printk_30: (+1)
   \   000002A4   0x6820             LDR      R0,[R4, #+0]
   \   000002A6   0x1D24             ADDS     R4,R4,#+4
   \   000002A8   0x9003             STR      R0,[SP, #+12]
   \   000002AA   0x2302             MOVS     R3,#+2
   \   000002AC   0x2200             MOVS     R2,#+0
   \   000002AE   0xA903             ADD      R1,SP,#+12
   \   000002B0   0xA807             ADD      R0,SP,#+28
   \   000002B2   0x.... 0x....      BL       printk_mknumstr
   \   000002B6   0x0006             MOVS     R6,R0
   \   000002B8   0xE014             B        ??printk_53
   \                     ??printk_35: (+1)
   \   000002BA   0x6820             LDR      R0,[R4, #+0]
   \   000002BC   0x1D24             ADDS     R4,R4,#+4
   \   000002BE   0x9003             STR      R0,[SP, #+12]
   \   000002C0   0x2310             MOVS     R3,#+16
   \   000002C2   0x2200             MOVS     R2,#+0
   \   000002C4   0xA903             ADD      R1,SP,#+12
   \   000002C6   0xA807             ADD      R0,SP,#+28
   \   000002C8   0x.... 0x....      BL       printk_mknumstr
   \   000002CC   0x0006             MOVS     R6,R0
   \   000002CE   0xE009             B        ??printk_53
   \                     ??printk_37: (+1)
   \   000002D0   0x6820             LDR      R0,[R4, #+0]
   \   000002D2   0x1D24             ADDS     R4,R4,#+4
   \   000002D4   0x9003             STR      R0,[SP, #+12]
   \   000002D6   0x230A             MOVS     R3,#+10
   \   000002D8   0x2200             MOVS     R2,#+0
   \   000002DA   0xA903             ADD      R1,SP,#+12
   \   000002DC   0xA807             ADD      R0,SP,#+28
   \   000002DE   0x.... 0x....      BL       printk_mknumstr
   \   000002E2   0x0006             MOVS     R6,R0
   \                     ??printk_53: (+1)
   \   000002E4   0xA807             ADD      R0,SP,#+28
   \   000002E6   0x1980             ADDS     R0,R0,R6
   \   000002E8   0x9005             STR      R0,[SP, #+20]
   \   000002EA   0x0738             LSLS     R0,R7,#+28
   \   000002EC   0xD507             BPL      ??printk_54
   \   000002EE   0x9B10             LDR      R3,[SP, #+64]
   \   000002F0   0x466A             MOV      R2,SP
   \   000002F2   0x9902             LDR      R1,[SP, #+8]
   \   000002F4   0x0030             MOVS     R0,R6
   \   000002F6   0x.... 0x....      BL       printk_pad_zero
   \   000002FA   0x9E02             LDR      R6,[SP, #+8]
   \   000002FC   0xE011             B        ??printk_47
   \                     ??printk_54: (+1)
   \   000002FE   0x07F8             LSLS     R0,R7,#+31
   \   00000300   0xD40F             BMI      ??printk_47
   \   00000302   0x9B10             LDR      R3,[SP, #+64]
   \   00000304   0x466A             MOV      R2,SP
   \   00000306   0x9902             LDR      R1,[SP, #+8]
   \   00000308   0x0030             MOVS     R0,R6
   \   0000030A   0x.... 0x....      BL       printk_pad_space
   \   0000030E   0xE008             B        ??printk_47
   \                     ??printk_55: (+1)
   \   00000310   0x9A10             LDR      R2,[SP, #+64]
   \   00000312   0x4669             MOV      R1,SP
   \   00000314   0x9805             LDR      R0,[SP, #+20]
   \   00000316   0x7800             LDRB     R0,[R0, #+0]
   \   00000318   0x.... 0x....      BL       printk_putc
   \   0000031C   0x9805             LDR      R0,[SP, #+20]
   \   0000031E   0x1E40             SUBS     R0,R0,#+1
   \   00000320   0x9005             STR      R0,[SP, #+20]
   \                     ??printk_47: (+1)
   \   00000322   0x9805             LDR      R0,[SP, #+20]
   \   00000324   0x7800             LDRB     R0,[R0, #+0]
   \   00000326   0x2800             CMP      R0,#+0
   \   00000328   0xD1F2             BNE      ??printk_55
   \   0000032A   0x07F8             LSLS     R0,R7,#+31
   \   0000032C   0xD505             BPL      ??printk_56
   \   0000032E   0x9B10             LDR      R3,[SP, #+64]
   \   00000330   0x466A             MOV      R2,SP
   \   00000332   0x9902             LDR      R1,[SP, #+8]
   \   00000334   0x0030             MOVS     R0,R6
   \   00000336   0x.... 0x....      BL       printk_pad_space
   \                     ??printk_56: (+1)
   \   0000033A   0xE66C             B        ??printk_2
   \                     ??printk_31: (+1)
   \   0000033C   0x6820             LDR      R0,[R4, #+0]
   \   0000033E   0x1D24             ADDS     R4,R4,#+4
   \   00000340   0xB2C0             UXTB     R0,R0
   \   00000342   0x9A10             LDR      R2,[SP, #+64]
   \   00000344   0x4669             MOV      R1,SP
   \   00000346   0x.... 0x....      BL       printk_putc
   \   0000034A   0xE664             B        ??printk_2
   \                     ??printk_36: (+1)
   \   0000034C   0x6820             LDR      R0,[R4, #+0]
   \   0000034E   0x1D24             ADDS     R4,R4,#+4
   \   00000350   0x9001             STR      R0,[SP, #+4]
   \   00000352   0x9801             LDR      R0,[SP, #+4]
   \   00000354   0x2800             CMP      R0,#+0
   \   00000356   0xD021             BEQ      ??printk_57
   \   00000358   0x9801             LDR      R0,[SP, #+4]
   \   0000035A   0x.... 0x....      BL       strlen
   \   0000035E   0x0006             MOVS     R6,R0
   \   00000360   0x07F8             LSLS     R0,R7,#+31
   \   00000362   0xD40F             BMI      ??printk_58
   \   00000364   0x9B10             LDR      R3,[SP, #+64]
   \   00000366   0x466A             MOV      R2,SP
   \   00000368   0x9902             LDR      R1,[SP, #+8]
   \   0000036A   0x0030             MOVS     R0,R6
   \   0000036C   0x.... 0x....      BL       printk_pad_space
   \   00000370   0xE008             B        ??printk_58
   \                     ??printk_59: (+1)
   \   00000372   0x9A10             LDR      R2,[SP, #+64]
   \   00000374   0x4669             MOV      R1,SP
   \   00000376   0x9801             LDR      R0,[SP, #+4]
   \   00000378   0x7800             LDRB     R0,[R0, #+0]
   \   0000037A   0x.... 0x....      BL       printk_putc
   \   0000037E   0x9801             LDR      R0,[SP, #+4]
   \   00000380   0x1C40             ADDS     R0,R0,#+1
   \   00000382   0x9001             STR      R0,[SP, #+4]
   \                     ??printk_58: (+1)
   \   00000384   0x9801             LDR      R0,[SP, #+4]
   \   00000386   0x7800             LDRB     R0,[R0, #+0]
   \   00000388   0x2800             CMP      R0,#+0
   \   0000038A   0xD1F2             BNE      ??printk_59
   \   0000038C   0x07F8             LSLS     R0,R7,#+31
   \   0000038E   0xD505             BPL      ??printk_57
   \   00000390   0x9B10             LDR      R3,[SP, #+64]
   \   00000392   0x466A             MOV      R2,SP
   \   00000394   0x9902             LDR      R1,[SP, #+8]
   \   00000396   0x0030             MOVS     R0,R6
   \   00000398   0x.... 0x....      BL       printk_pad_space
   \                     ??printk_57: (+1)
   \   0000039C   0xE63B             B        ??printk_2
   \                     ??printk_33: (+1)
   \   0000039E   0x6820             LDR      R0,[R4, #+0]
   \   000003A0   0x1D24             ADDS     R4,R4,#+4
   \   000003A2   0x9900             LDR      R1,[SP, #+0]
   \   000003A4   0x6001             STR      R1,[R0, #+0]
   \   000003A6   0xE636             B        ??printk_2
    558                  }
    559              }
    560              return count;
   \                     ??printk_3: (+1)
   \   000003A8   0x9800             LDR      R0,[SP, #+0]
   \   000003AA   0xB011             ADD      SP,SP,#+68
   \   000003AC   0xBDF0             POP      {R4-R7,PC}       ;; return
    561          }
    562          
    563          /********************************************************************/

   \                                 In section .text, align 2, keep-with-next
    564          int
    565          printf (const char *fmt, ...)
    566          {
   \                     printf: (+1)
   \   00000000   0xB40E             PUSH     {R1-R3}
   \   00000002   0xB500             PUSH     {LR}
   \   00000004   0xB084             SUB      SP,SP,#+16
    567              va_list ap;
    568              int rvalue;
    569              PRINTK_INFO info;
    570          
    571          
    572              info.dest = DEST_CONSOLE;
   \   00000006   0x2101             MOVS     R1,#+1
   \   00000008   0x9100             STR      R1,[SP, #+0]
    573              info.func = &out_char;
   \   0000000A   0x....             LDR      R1,??DataTable0
   \   0000000C   0x9101             STR      R1,[SP, #+4]
    574              /*
    575               * Initialize the pointer to the variable length argument list.
    576               */
    577              va_start(ap, fmt);
   \   0000000E   0xAA05             ADD      R2,SP,#+20
    578              rvalue = printk(&info, fmt, ap);
   \   00000010   0x0001             MOVS     R1,R0
   \   00000012   0x4668             MOV      R0,SP
   \   00000014   0x.... 0x....      BL       printk
    579              /*
    580               * Cleanup the variable length argument list.
    581               */
    582              va_end(ap);
    583              return rvalue;
   \   00000018   0x9904             LDR      R1,[SP, #+16]
   \   0000001A   0xB008             ADD      SP,SP,#+32
   \   0000001C   0x4708             BX       R1               ;; return
    584          }
    585          
    586          /********************************************************************/

   \                                 In section .text, align 2, keep-with-next
    587          int
    588          sprintf (char *s, const char *fmt, ...)
    589          {
   \                     sprintf: (+1)
   \   00000000   0xB40C             PUSH     {R2,R3}
   \   00000002   0xB5E0             PUSH     {R5-R7,LR}
   \   00000004   0x0002             MOVS     R2,R0
    590              va_list ap;
    591              int rvalue = 0;
   \   00000006   0x2000             MOVS     R0,#+0
    592              PRINTK_INFO info;
    593          
    594              /*
    595               * Initialize the pointer to the variable length argument list.
    596               */
    597              if (s != 0)
   \   00000008   0x2A00             CMP      R2,#+0
   \   0000000A   0xD009             BEQ      ??sprintf_0
    598              {
    599                  info.dest = DEST_STRING;
   \   0000000C   0x2002             MOVS     R0,#+2
   \   0000000E   0x9000             STR      R0,[SP, #+0]
    600                  info.loc = s;
   \   00000010   0x9202             STR      R2,[SP, #+8]
    601                  va_start(ap, fmt);
   \   00000012   0xAA04             ADD      R2,SP,#+16
    602                  rvalue = printk(&info, fmt, ap);
   \   00000014   0x4668             MOV      R0,SP
   \   00000016   0x.... 0x....      BL       printk
    603                  *info.loc = '\0';
   \   0000001A   0x2100             MOVS     R1,#+0
   \   0000001C   0x9A02             LDR      R2,[SP, #+8]
   \   0000001E   0x7011             STRB     R1,[R2, #+0]
    604                  va_end(ap);
    605              }
    606              return rvalue;
   \                     ??sprintf_0: (+1)
   \   00000020   0x9903             LDR      R1,[SP, #+12]
   \   00000022   0xB006             ADD      SP,SP,#+24
   \   00000024   0x4708             BX       R1               ;; return
    607          }

   \                                 In section .text, align 4, keep-with-next
   \                     ??DataTable0:
   \   00000000   0x........         DC32     out_char
    608          
    609          /********************************************************************/

   Maximum stack usage in bytes:

   .cstack Function
   ------- --------
      32   printf
        32   -> printk
      88   printk
        88   -> printk_mknumstr
        88   -> printk_pad_space
        88   -> printk_pad_zero
        88   -> printk_putc
        88   -> strlen
      20   printk_mknumstr
        20 __aeabi_idiv
        20 __aeabi_uidiv
      24   printk_pad_space
        24   -> printk_putc
      24   printk_pad_zero
        24   -> printk_putc
       8   printk_putc
         8   -- Indirect call
      24   sprintf
        24   -> printk


   Section sizes:

   Bytes  Function/Label
   -----  --------------
       4  ??DataTable0
      30  printf
     942  printk
     126  printk_mknumstr
      30  printk_pad_space
      30  printk_pad_zero
      44  printk_putc
      38  sprintf

 
 1 244 bytes in section .text
 
 1 244 bytes of CODE memory

Errors: none
Warnings: none
